Change Component Designator: Old Designator=C? New Designator=C1
Change Component Designator: Old Designator=C? New Designator=C2
Change Component Designator: Old Designator=C? New Designator=C3
Change Component Designator: Old Designator=C? New Designator=C4
Change Component Designator: Old Designator=C? New Designator=C5
Change Component Designator: Old Designator=C? New Designator=C6
Change Component Designator: Old Designator=C? New Designator=C7
Change Component Designator: Old Designator=CSTL? New Designator=CSTL1
Change Component Designator: Old Designator=CSTL? New Designator=CSTL2
Change Component Designator: Old Designator=CSTL? New Designator=CSTL3
Change Component Designator: Old Designator=CSTL? New Designator=CSTL4
Change Component Designator: Old Designator=CSTL? New Designator=CSTL5
Change Component Designator: Old Designator=CSTL? New Designator=CSTL6
Change Component Designator: Old Designator=CSTL? New Designator=CSTL7
Change Component Designator: Old Designator=CSTL? New Designator=CSTL8
Change Component Designator: Old Designator=CSTL? New Designator=CSTL9
Change Component Designator: Old Designator=CSTL? New Designator=CSTL10
Change Component Designator: Old Designator=CSTL? New Designator=CSTL11
Change Component Designator: Old Designator=CSTL? New Designator=CSTL12
Change Component Designator: Old Designator=CSTL? New Designator=CSTL13
Change Component Designator: Old Designator=CSTL? New Designator=CSTL14
Change Component Designator: Old Designator=CSTL? New Designator=CSTL15
Change Component Designator: Old Designator=CSTL? New Designator=CSTL16
Change Component Designator: Old Designator=CSTL? New Designator=CSTL17
Change Component Designator: Old Designator=CSTL? New Designator=CSTL18
Change Component Designator: Old Designator=CSTL? New Designator=CSTL19
Change Component Designator: Old Designator=CSTL? New Designator=CSTL20
Change Component Designator: Old Designator=CSTL? New Designator=CSTL21
Change Component Designator: Old Designator=CSTL? New Designator=CSTL22
Change Component Designator: Old Designator=CSTL? New Designator=CSTL23
Change Component Designator: Old Designator=CSTL? New Designator=CSTL24
Change Component Designator: Old Designator=CSTL? New Designator=CSTL25
Change Component Designator: Old Designator=CSTL? New Designator=CSTL26
Change Component Designator: Old Designator=CSTL? New Designator=CSTL27
Change Component Designator: Old Designator=CSTL? New Designator=CSTL28
Change Component Designator: Old Designator=CSTL? New Designator=CSTL29
Change Component Designator: Old Designator=CSTL? New Designator=CSTL30
Change Component Designator: Old Designator=D? New Designator=D1
Change Component Designator: Old Designator=D? New Designator=D2
Change Component Designator: Old Designator=F? New Designator=F1
Change Component Designator: Old Designator=J? New Designator=J1
Change Component Designator: Old Designator=R? New Designator=R1
Change Component Designator: Old Designator=R? New Designator=R2
Change Component Designator: Old Designator=R? New Designator=R3
Change Component Designator: Old Designator=R? New Designator=R4
Change Component Designator: Old Designator=SW? New Designator=SW1
Change Component Designator: Old Designator=TP? New Designator=TP1
Change Component Designator: Old Designator=TP? New Designator=TP2
Change Component Designator: Old Designator=TP? New Designator=TP3
Change Component Designator: Old Designator=TP? New Designator=TP4
Change Component Designator: Old Designator=TP? New Designator=TP5
Change Component Designator: Old Designator=TP? New Designator=TP6
Change Component Designator: Old Designator=U? New Designator=U1
Change Component Designator: Old Designator=U? New Designator=U2
Change Component Designator: Old Designator=X? New Designator=X1
