Added Component: Designator=C1(C0603_L)
Add component (AddParameter): Name = "Value"; Value = "100nF/50V/0603"; VariantName = "[No Variations]"
Added Component: Designator=C2(KEMT-T491-A_L)
Add component (AddParameter): Name = "Capacitance"; Value = "2200000pF"; VariantName = "[No Variations]"
Add component (AddParameter): Name = "Case Code"; Value = "A"; VariantName = "[No Variations]"
Add component (AddParameter): Name = "Case Style"; Value = "Molded"; VariantName = "[No Variations]"
Add component (AddParameter): Name = "Construction"; Value = "SMTChip"; VariantName = "[No Variations]"
Add component (AddParameter): Name = "Datasheet URL"; Value = "http://capacitoredge.kemet.com/capedge2/DataSheet/Datasheet-T491A225K016AT.pdf?pn=T491A225K016AT"; VariantName = "[No Variations]"
Add component (AddParameter): Name = "Datasheet Version"; Value = "10/2016"; VariantName = "[No Variations]"
Add component (AddParameter): Name = "DCL"; Value = "0.4uA"; VariantName = "[No Variations]"
Add component (AddParameter): Name = "DF"; Value = "6%"; VariantName = "[No Variations]"
Add component (AddParameter): Name = "ESR"; Value = "6ohm"; VariantName = "[No Variations]"
Add component (AddParameter): Name = "Failure Rate"; Value = "NotRequired"; VariantName = "[No Variations]"
Add component (AddParameter): Name = "Insulation"; Value = "NotRequired"; VariantName = "[No Variations]"
Add component (AddParameter): Name = "Lead Spacing (nom)"; Value = "NotRequiredmm"; VariantName = "[No Variations]"
Add component (AddParameter): Name = "Length W/Weld"; Value = "NotRequiredmm"; VariantName = "[No Variations]"
Add component (AddParameter): Name = "Length W/Weld (max)"; Value = "NotRequiredmm"; VariantName = "[No Variations]"
Add component (AddParameter): Name = "Manufacturer"; Value = "Kemet"; VariantName = "[No Variations]"
Add component (AddParameter): Name = "Manufacturer URL"; Value = "http://www.kemet.com/"; VariantName = "[No Variations]"
Add component (AddParameter): Name = "Mounting Style"; Value = "SurfaceMount"; VariantName = "[No Variations]"
Add component (AddParameter): Name = "Mounting Technology"; Value = "SurfaceMount"; VariantName = "[No Variations]"
Add component (AddParameter): Name = "Operating Temp Range"; Value = "-55Cto125C"; VariantName = "[No Variations]"
Add component (AddParameter): Name = "Package / Case"; Value = "3216-18"; VariantName = "[No Variations]"
Add component (AddParameter): Name = "Package Description"; Value = "2-Pin Surface Mount Device, Body 3.2 x 1.6 mm"; VariantName = "[No Variations]"
Add component (AddParameter): Name = "Package Reference"; Value = "T491-A"; VariantName = "[No Variations]"
Add component (AddParameter): Name = "Packaging"; Value = "TapeandReel"; VariantName = "[No Variations]"
Add component (AddParameter): Name = "Polarity"; Value = "Polar"; VariantName = "[No Variations]"
Add component (AddParameter): Name = "Product Depth (mm)"; Value = "1.6mm"; VariantName = "[No Variations]"
Add component (AddParameter): Name = "Product Diameter (mm)"; Value = "NotRequiredmm"; VariantName = "[No Variations]"
Add component (AddParameter): Name = "Product Height (mm)"; Value = "1.6mm"; VariantName = "[No Variations]"
Add component (AddParameter): Name = "Product Length (mm)"; Value = "3.2mm"; VariantName = "[No Variations]"
Add component (AddParameter): Name = "Rad Hardened"; Value = "No"; VariantName = "[No Variations]"
Add component (AddParameter): Name = "Seal"; Value = "NotRequired"; VariantName = "[No Variations]"
Add component (AddParameter): Name = "Seated Plane Height"; Value = "NotRequiredmm"; VariantName = "[No Variations]"
Add component (AddParameter): Name = "Tolerance (+ or -)"; Value = "10%"; VariantName = "[No Variations]"
Add component (AddParameter): Name = "Voltage"; Value = "16VDC"; VariantName = "[No Variations]"
Add component (AddParameter): Name = "Wire Form"; Value = "NotRequired"; VariantName = "[No Variations]"
Added Component: Designator=C3(KEMT-T491-A_L)
Add component (AddParameter): Name = "Capacitance"; Value = "2200000pF"; VariantName = "[No Variations]"
Add component (AddParameter): Name = "Case Code"; Value = "A"; VariantName = "[No Variations]"
Add component (AddParameter): Name = "Case Style"; Value = "Molded"; VariantName = "[No Variations]"
Add component (AddParameter): Name = "Construction"; Value = "SMTChip"; VariantName = "[No Variations]"
Add component (AddParameter): Name = "Datasheet URL"; Value = "http://capacitoredge.kemet.com/capedge2/DataSheet/Datasheet-T491A225K016AT.pdf?pn=T491A225K016AT"; VariantName = "[No Variations]"
Add component (AddParameter): Name = "Datasheet Version"; Value = "10/2016"; VariantName = "[No Variations]"
Add component (AddParameter): Name = "DCL"; Value = "0.4uA"; VariantName = "[No Variations]"
Add component (AddParameter): Name = "DF"; Value = "6%"; VariantName = "[No Variations]"
Add component (AddParameter): Name = "ESR"; Value = "6ohm"; VariantName = "[No Variations]"
Add component (AddParameter): Name = "Failure Rate"; Value = "NotRequired"; VariantName = "[No Variations]"
Add component (AddParameter): Name = "Insulation"; Value = "NotRequired"; VariantName = "[No Variations]"
Add component (AddParameter): Name = "Lead Spacing (nom)"; Value = "NotRequiredmm"; VariantName = "[No Variations]"
Add component (AddParameter): Name = "Length W/Weld"; Value = "NotRequiredmm"; VariantName = "[No Variations]"
Add component (AddParameter): Name = "Length W/Weld (max)"; Value = "NotRequiredmm"; VariantName = "[No Variations]"
Add component (AddParameter): Name = "Manufacturer"; Value = "Kemet"; VariantName = "[No Variations]"
Add component (AddParameter): Name = "Manufacturer URL"; Value = "http://www.kemet.com/"; VariantName = "[No Variations]"
Add component (AddParameter): Name = "Mounting Style"; Value = "SurfaceMount"; VariantName = "[No Variations]"
Add component (AddParameter): Name = "Mounting Technology"; Value = "SurfaceMount"; VariantName = "[No Variations]"
Add component (AddParameter): Name = "Operating Temp Range"; Value = "-55Cto125C"; VariantName = "[No Variations]"
Add component (AddParameter): Name = "Package / Case"; Value = "3216-18"; VariantName = "[No Variations]"
Add component (AddParameter): Name = "Package Description"; Value = "2-Pin Surface Mount Device, Body 3.2 x 1.6 mm"; VariantName = "[No Variations]"
Add component (AddParameter): Name = "Package Reference"; Value = "T491-A"; VariantName = "[No Variations]"
Add component (AddParameter): Name = "Packaging"; Value = "TapeandReel"; VariantName = "[No Variations]"
Add component (AddParameter): Name = "Polarity"; Value = "Polar"; VariantName = "[No Variations]"
Add component (AddParameter): Name = "Product Depth (mm)"; Value = "1.6mm"; VariantName = "[No Variations]"
Add component (AddParameter): Name = "Product Diameter (mm)"; Value = "NotRequiredmm"; VariantName = "[No Variations]"
Add component (AddParameter): Name = "Product Height (mm)"; Value = "1.6mm"; VariantName = "[No Variations]"
Add component (AddParameter): Name = "Product Length (mm)"; Value = "3.2mm"; VariantName = "[No Variations]"
Add component (AddParameter): Name = "Rad Hardened"; Value = "No"; VariantName = "[No Variations]"
Add component (AddParameter): Name = "Seal"; Value = "NotRequired"; VariantName = "[No Variations]"
Add component (AddParameter): Name = "Seated Plane Height"; Value = "NotRequiredmm"; VariantName = "[No Variations]"
Add component (AddParameter): Name = "Tolerance (+ or -)"; Value = "10%"; VariantName = "[No Variations]"
Add component (AddParameter): Name = "Voltage"; Value = "16VDC"; VariantName = "[No Variations]"
Add component (AddParameter): Name = "Wire Form"; Value = "NotRequired"; VariantName = "[No Variations]"
Added Component: Designator=C4(C0603_L)
Add component (AddParameter): Name = "Value"; Value = "100nF/50V/0603"; VariantName = "[No Variations]"
Added Component: Designator=C5(KEMT-T491-A_L)
Add component (AddParameter): Name = "Capacitance"; Value = "2200000pF"; VariantName = "[No Variations]"
Add component (AddParameter): Name = "Case Code"; Value = "A"; VariantName = "[No Variations]"
Add component (AddParameter): Name = "Case Style"; Value = "Molded"; VariantName = "[No Variations]"
Add component (AddParameter): Name = "Construction"; Value = "SMTChip"; VariantName = "[No Variations]"
Add component (AddParameter): Name = "Datasheet URL"; Value = "http://capacitoredge.kemet.com/capedge2/DataSheet/Datasheet-T491A225K016AT.pdf?pn=T491A225K016AT"; VariantName = "[No Variations]"
Add component (AddParameter): Name = "Datasheet Version"; Value = "10/2016"; VariantName = "[No Variations]"
Add component (AddParameter): Name = "DCL"; Value = "0.4uA"; VariantName = "[No Variations]"
Add component (AddParameter): Name = "DF"; Value = "6%"; VariantName = "[No Variations]"
Add component (AddParameter): Name = "ESR"; Value = "6ohm"; VariantName = "[No Variations]"
Add component (AddParameter): Name = "Failure Rate"; Value = "NotRequired"; VariantName = "[No Variations]"
Add component (AddParameter): Name = "Insulation"; Value = "NotRequired"; VariantName = "[No Variations]"
Add component (AddParameter): Name = "Lead Spacing (nom)"; Value = "NotRequiredmm"; VariantName = "[No Variations]"
Add component (AddParameter): Name = "Length W/Weld"; Value = "NotRequiredmm"; VariantName = "[No Variations]"
Add component (AddParameter): Name = "Length W/Weld (max)"; Value = "NotRequiredmm"; VariantName = "[No Variations]"
Add component (AddParameter): Name = "Manufacturer"; Value = "Kemet"; VariantName = "[No Variations]"
Add component (AddParameter): Name = "Manufacturer URL"; Value = "http://www.kemet.com/"; VariantName = "[No Variations]"
Add component (AddParameter): Name = "Mounting Style"; Value = "SurfaceMount"; VariantName = "[No Variations]"
Add component (AddParameter): Name = "Mounting Technology"; Value = "SurfaceMount"; VariantName = "[No Variations]"
Add component (AddParameter): Name = "Operating Temp Range"; Value = "-55Cto125C"; VariantName = "[No Variations]"
Add component (AddParameter): Name = "Package / Case"; Value = "3216-18"; VariantName = "[No Variations]"
Add component (AddParameter): Name = "Package Description"; Value = "2-Pin Surface Mount Device, Body 3.2 x 1.6 mm"; VariantName = "[No Variations]"
Add component (AddParameter): Name = "Package Reference"; Value = "T491-A"; VariantName = "[No Variations]"
Add component (AddParameter): Name = "Packaging"; Value = "TapeandReel"; VariantName = "[No Variations]"
Add component (AddParameter): Name = "Polarity"; Value = "Polar"; VariantName = "[No Variations]"
Add component (AddParameter): Name = "Product Depth (mm)"; Value = "1.6mm"; VariantName = "[No Variations]"
Add component (AddParameter): Name = "Product Diameter (mm)"; Value = "NotRequiredmm"; VariantName = "[No Variations]"
Add component (AddParameter): Name = "Product Height (mm)"; Value = "1.6mm"; VariantName = "[No Variations]"
Add component (AddParameter): Name = "Product Length (mm)"; Value = "3.2mm"; VariantName = "[No Variations]"
Add component (AddParameter): Name = "Rad Hardened"; Value = "No"; VariantName = "[No Variations]"
Add component (AddParameter): Name = "Seal"; Value = "NotRequired"; VariantName = "[No Variations]"
Add component (AddParameter): Name = "Seated Plane Height"; Value = "NotRequiredmm"; VariantName = "[No Variations]"
Add component (AddParameter): Name = "Tolerance (+ or -)"; Value = "10%"; VariantName = "[No Variations]"
Add component (AddParameter): Name = "Voltage"; Value = "16VDC"; VariantName = "[No Variations]"
Add component (AddParameter): Name = "Wire Form"; Value = "NotRequired"; VariantName = "[No Variations]"
Added Component: Designator=C6(C0603_L)
Add component (AddParameter): Name = "Value"; Value = "100nF/50V/0603"; VariantName = "[No Variations]"
Added Component: Designator=C7(KEMT-T491-A_L)
Add component (AddParameter): Name = "Capacitance"; Value = "2200000pF"; VariantName = "[No Variations]"
Add component (AddParameter): Name = "Case Code"; Value = "A"; VariantName = "[No Variations]"
Add component (AddParameter): Name = "Case Style"; Value = "Molded"; VariantName = "[No Variations]"
Add component (AddParameter): Name = "Construction"; Value = "SMTChip"; VariantName = "[No Variations]"
Add component (AddParameter): Name = "Datasheet URL"; Value = "http://capacitoredge.kemet.com/capedge2/DataSheet/Datasheet-T491A225K016AT.pdf?pn=T491A225K016AT"; VariantName = "[No Variations]"
Add component (AddParameter): Name = "Datasheet Version"; Value = "10/2016"; VariantName = "[No Variations]"
Add component (AddParameter): Name = "DCL"; Value = "0.4uA"; VariantName = "[No Variations]"
Add component (AddParameter): Name = "DF"; Value = "6%"; VariantName = "[No Variations]"
Add component (AddParameter): Name = "ESR"; Value = "6ohm"; VariantName = "[No Variations]"
Add component (AddParameter): Name = "Failure Rate"; Value = "NotRequired"; VariantName = "[No Variations]"
Add component (AddParameter): Name = "Insulation"; Value = "NotRequired"; VariantName = "[No Variations]"
Add component (AddParameter): Name = "Lead Spacing (nom)"; Value = "NotRequiredmm"; VariantName = "[No Variations]"
Add component (AddParameter): Name = "Length W/Weld"; Value = "NotRequiredmm"; VariantName = "[No Variations]"
Add component (AddParameter): Name = "Length W/Weld (max)"; Value = "NotRequiredmm"; VariantName = "[No Variations]"
Add component (AddParameter): Name = "Manufacturer"; Value = "Kemet"; VariantName = "[No Variations]"
Add component (AddParameter): Name = "Manufacturer URL"; Value = "http://www.kemet.com/"; VariantName = "[No Variations]"
Add component (AddParameter): Name = "Mounting Style"; Value = "SurfaceMount"; VariantName = "[No Variations]"
Add component (AddParameter): Name = "Mounting Technology"; Value = "SurfaceMount"; VariantName = "[No Variations]"
Add component (AddParameter): Name = "Operating Temp Range"; Value = "-55Cto125C"; VariantName = "[No Variations]"
Add component (AddParameter): Name = "Package / Case"; Value = "3216-18"; VariantName = "[No Variations]"
Add component (AddParameter): Name = "Package Description"; Value = "2-Pin Surface Mount Device, Body 3.2 x 1.6 mm"; VariantName = "[No Variations]"
Add component (AddParameter): Name = "Package Reference"; Value = "T491-A"; VariantName = "[No Variations]"
Add component (AddParameter): Name = "Packaging"; Value = "TapeandReel"; VariantName = "[No Variations]"
Add component (AddParameter): Name = "Polarity"; Value = "Polar"; VariantName = "[No Variations]"
Add component (AddParameter): Name = "Product Depth (mm)"; Value = "1.6mm"; VariantName = "[No Variations]"
Add component (AddParameter): Name = "Product Diameter (mm)"; Value = "NotRequiredmm"; VariantName = "[No Variations]"
Add component (AddParameter): Name = "Product Height (mm)"; Value = "1.6mm"; VariantName = "[No Variations]"
Add component (AddParameter): Name = "Product Length (mm)"; Value = "3.2mm"; VariantName = "[No Variations]"
Add component (AddParameter): Name = "Rad Hardened"; Value = "No"; VariantName = "[No Variations]"
Add component (AddParameter): Name = "Seal"; Value = "NotRequired"; VariantName = "[No Variations]"
Add component (AddParameter): Name = "Seated Plane Height"; Value = "NotRequiredmm"; VariantName = "[No Variations]"
Add component (AddParameter): Name = "Tolerance (+ or -)"; Value = "10%"; VariantName = "[No Variations]"
Add component (AddParameter): Name = "Voltage"; Value = "16VDC"; VariantName = "[No Variations]"
Add component (AddParameter): Name = "Wire Form"; Value = "NotRequired"; VariantName = "[No Variations]"
Added Component: Designator=CSTL1(CASTELLATED)
Added Component: Designator=CSTL2(CASTELLATED)
Added Component: Designator=CSTL3(CASTELLATED)
Added Component: Designator=CSTL4(CASTELLATED)
Added Component: Designator=CSTL5(CASTELLATED)
Added Component: Designator=CSTL6(CASTELLATED)
Added Component: Designator=CSTL7(CASTELLATED)
Added Component: Designator=CSTL8(CASTELLATED)
Added Component: Designator=CSTL9(CASTELLATED)
Added Component: Designator=CSTL10(CASTELLATED)
Added Component: Designator=CSTL11(CASTELLATED)
Added Component: Designator=CSTL12(CASTELLATED)
Added Component: Designator=CSTL13(CASTELLATED)
Added Component: Designator=CSTL14(CASTELLATED)
Added Component: Designator=CSTL15(CASTELLATED)
Added Component: Designator=CSTL16(CASTELLATED)
Added Component: Designator=CSTL17(CASTELLATED)
Added Component: Designator=CSTL18(CASTELLATED)
Added Component: Designator=CSTL19(CASTELLATED)
Added Component: Designator=CSTL20(CASTELLATED)
Added Component: Designator=CSTL21(CASTELLATED)
Added Component: Designator=CSTL22(CASTELLATED)
Added Component: Designator=CSTL23(CASTELLATED)
Added Component: Designator=CSTL24(CASTELLATED)
Added Component: Designator=CSTL25(CASTELLATED)
Added Component: Designator=CSTL26(CASTELLATED)
Added Component: Designator=CSTL27(CASTELLATED)
Added Component: Designator=CSTL28(CASTELLATED)
Added Component: Designator=CSTL29(CASTELLATED)
Added Component: Designator=CSTL30(CASTELLATED)
Added Component: Designator=D1(WL-SMCW_0603_H=0.7mm)
Add component (AddParameter): Name = "Chip Technology"; Value = "AlInGaP"; VariantName = "[No Variations]"
Add component (AddParameter): Name = "ComponentLink1Description"; Value = "Manufacturer"; VariantName = "[No Variations]"
Add component (AddParameter): Name = "ComponentLink1URL"; Value = "http://www.we-online.de"; VariantName = "[No Variations]"
Add component (AddParameter): Name = "ComponentLink2Description"; Value = "Datasheet"; VariantName = "[No Variations]"
Add component (AddParameter): Name = "ComponentLink2URL"; Value = "https://www.we-online.com/catalog/datasheet/150060RS75000.pdf"; VariantName = "[No Variations]"
Add component (AddParameter): Name = "Dominant Wavelength typ."; Value = "625nm"; VariantName = "[No Variations]"
Add component (AddParameter): Name = "Emitting Color"; Value = "Red"; VariantName = "[No Variations]"
Add component (AddParameter): Name = "Forward Voltage typ."; Value = "2V"; VariantName = "[No Variations]"
Add component (AddParameter): Name = "Luminous Intensity typ."; Value = "250mcd"; VariantName = "[No Variations]"
Add component (AddParameter): Name = "Mounting Technology"; Value = "SMT"; VariantName = "[No Variations]"
Add component (AddParameter): Name = "Operating Temperature"; Value = "-40 to +85degC"; VariantName = "[No Variations]"
Add component (AddParameter): Name = "Packaging"; Value = "Tape and Reel"; VariantName = "[No Variations]"
Add component (AddParameter): Name = "Part Number"; Value = "150060RS75000"; VariantName = "[No Variations]"
Add component (AddParameter): Name = "Peak Wavelength typ."; Value = "630nm"; VariantName = "[No Variations]"
Add component (AddParameter): Name = "Published Date"; Value = "December 2019"; VariantName = "[No Variations]"
Add component (AddParameter): Name = "Publisher"; Value = "Wurth Elektronik"; VariantName = "[No Variations]"
Add component (AddParameter): Name = "Size"; Value = "0603"; VariantName = "[No Variations]"
Add component (AddParameter): Name = "Viewing Angle"; Value = "140deg"; VariantName = "[No Variations]"
Added Component: Designator=D2(GESC-GAP3SLT33-214-2_V)
Add component (AddParameter): Name = "Brand"; Value = "GeneSiCSemiconductor"; VariantName = "[No Variations]"
Add component (AddParameter): Name = "Configuration"; Value = "Single"; VariantName = "[No Variations]"
Add component (AddParameter): Name = "Datasheet URL"; Value = "https://datasheet.ciiva.com/24141/gap3slt33-214-271329-24141300.pdf"; VariantName = "[No Variations]"
Add component (AddParameter): Name = "Datasheet Version"; Value = "Rev. 1, 11/2013"; VariantName = "[No Variations]"
Add component (AddParameter): Name = "Factory Pack Quantity"; Value = "2500"; VariantName = "[No Variations]"
Add component (AddParameter): Name = "If - Forward Current"; Value = "0.3A"; VariantName = "[No Variations]"
Add component (AddParameter): Name = "Ifsm - Forward Surge Current"; Value = "10A"; VariantName = "[No Variations]"
Add component (AddParameter): Name = "Ir - Reverse Current"; Value = "100uA"; VariantName = "[No Variations]"
Add component (AddParameter): Name = "Manufacturer"; Value = "GeneSiCSemiconductor"; VariantName = "[No Variations]"
Add component (AddParameter): Name = "Manufacturer URL"; Value = "http://www.genesicsemi.com/"; VariantName = "[No Variations]"
Add component (AddParameter): Name = "Maximum Operating Temperature"; Value = "+175C"; VariantName = "[No Variations]"
Add component (AddParameter): Name = "Minimum Operating Temperature"; Value = "-55C"; VariantName = "[No Variations]"
Add component (AddParameter): Name = "Mounting Style"; Value = "SMD/SMT"; VariantName = "[No Variations]"
Add component (AddParameter): Name = "Operating Temperature Range"; Value = "-55Cto+175C"; VariantName = "[No Variations]"
Add component (AddParameter): Name = "Package / Case"; Value = "DO-214AA"; VariantName = "[No Variations]"
Add component (AddParameter): Name = "Package Description"; Value = "2-Pin Chip, Body 4.57 x 3.94 mm"; VariantName = "[No Variations]"
Add component (AddParameter): Name = "Package URL"; Value = "https://datasheet.ciiva.com/24141/gap3slt33-214-271329-24141300.pdf"; VariantName = "[No Variations]"
Add component (AddParameter): Name = "Package Version"; Value = "Rev. 1, 11/2013"; VariantName = "[No Variations]"
Add component (AddParameter): Name = "Packaging"; Value = "Reel"; VariantName = "[No Variations]"
Add component (AddParameter): Name = "Pd - Power Dissipation"; Value = "25W"; VariantName = "[No Variations]"
Add component (AddParameter): Name = "Product"; Value = "SchottkySiliconCarbideDiodes"; VariantName = "[No Variations]"
Add component (AddParameter): Name = "Product Category"; Value = "SchottkyDiodes&Rectifiers"; VariantName = "[No Variations]"
Add component (AddParameter): Name = "RoHS"; Value = "True"; VariantName = "[No Variations]"
Add component (AddParameter): Name = "Series"; Value = "GAP3SLT33"; VariantName = "[No Variations]"
Add component (AddParameter): Name = "Technology"; Value = "SiC"; VariantName = "[No Variations]"
Add component (AddParameter): Name = "trr - Reverse Recovery time"; Value = "60ns"; VariantName = "[No Variations]"
Add component (AddParameter): Name = "Unit Weight"; Value = "0.003284oz"; VariantName = "[No Variations]"
Add component (AddParameter): Name = "Vf - Forward Voltage"; Value = "4V"; VariantName = "[No Variations]"
Add component (AddParameter): Name = "Vrrm - Repetitive Reverse Voltage"; Value = "3300V"; VariantName = "[No Variations]"
Added Component: Designator=F1(R1206_L)
Add component (AddParameter): Name = "Category"; Value = "Circuit Protection"; VariantName = "[No Variations]"
Add component (AddParameter): Name = "ComponentLink1Description"; Value = "http://www.littelfuse.com/~/media/electronics/datasheets/resettable_ptcs/littelfuse_ptc_1206l_datasheet.pdf.pdf"; VariantName = "[No Variations]"
Add component (AddParameter): Name = "ComponentLink1URL"; Value = "http://www.littelfuse.com/~/media/electronics/datasheets/resettable_ptcs/littelfuse_ptc_1206l_datasheet.pdf.pdf"; VariantName = "[No Variations]"
Add component (AddParameter): Name = "Current - Hold (Ih) (Max)"; Value = "1.5A"; VariantName = "[No Variations]"
Add component (AddParameter): Name = "Current - Max"; Value = "100A"; VariantName = "[No Variations]"
Add component (AddParameter): Name = "Current - Trip (It)"; Value = "3A"; VariantName = "[No Variations]"
Add component (AddParameter): Name = "Manufacturer"; Value = "Littelfuse Inc"; VariantName = "[No Variations]"
Add component (AddParameter): Name = "Manufacturer Part Number"; Value = "1206L150THWR"; VariantName = "[No Variations]"
Add component (AddParameter): Name = "Package / Case"; Value = "1206 (3216 Metric), Concave, Long Side Terminals"; VariantName = "[No Variations]"
Add component (AddParameter): Name = "Packaging"; Value = "Cut Tape (CT)"; VariantName = "[No Variations]"
Add component (AddParameter): Name = "Pricing 1"; Value = "1=0.49, 10=0.462, 25=0.4256, 50=0.3892, 100=0.3234, 250=0.294, 500=0.2492, 1000=0.2198 (USD)"; VariantName = "[No Variations]"
Add component (AddParameter): Name = "R Min/Max"; Value = "0.040 ~ 0.120 Ohm"; VariantName = "[No Variations]"
Add component (AddParameter): Name = "RoHS"; Value = "RoHS Compliant"; VariantName = "[No Variations]"
Add component (AddParameter): Name = "Stock 1"; Value = "8140"; VariantName = "[No Variations]"
Add component (AddParameter): Name = "Supplier 1"; Value = "Digi-Key"; VariantName = "[No Variations]"
Add component (AddParameter): Name = "Supplier Part Number 1"; Value = "F3372CT-ND"; VariantName = "[No Variations]"
Add component (AddParameter): Name = "Time to Trip"; Value = "0.3s"; VariantName = "[No Variations]"
Add component (AddParameter): Name = "Voltage - Max"; Value = "8V"; VariantName = "[No Variations]"
Added Component: Designator=J1(USB MICRO)
Add component (AddParameter): Name = "Category"; Value = "Connectors, Interconnects"; VariantName = "[No Variations]"
Add component (AddParameter): Name = "ComponentLink1Description"; Value = "http://portal.fciconnect.com/Comergent//fci/drawing/10118194.pdf"; VariantName = "[No Variations]"
Add component (AddParameter): Name = "ComponentLink1URL"; Value = "http://portal.fciconnect.com/Comergent//fci/drawing/10118194.pdf"; VariantName = "[No Variations]"
Add component (AddParameter): Name = "Connector Type"; Value = "USB - micro B"; VariantName = "[No Variations]"
Add component (AddParameter): Name = "Features"; Value = "Shielded, Solder Retention"; VariantName = "[No Variations]"
Add component (AddParameter): Name = "Gender"; Value = "Receptacle"; VariantName = "[No Variations]"
Add component (AddParameter): Name = "Ingress Protection"; Value = "-"; VariantName = "[No Variations]"
Add component (AddParameter): Name = "Manufacturer"; Value = "FCI"; VariantName = "[No Variations]"
Add component (AddParameter): Name = "Manufacturer Part Number"; Value = "10118194-0001LF"; VariantName = "[No Variations]"
Add component (AddParameter): Name = "Mounting Type"; Value = "Surface Mount, Right Angle, Horizontal"; VariantName = "[No Variations]"
Add component (AddParameter): Name = "Number of Contacts"; Value = "5"; VariantName = "[No Variations]"
Add component (AddParameter): Name = "Packaging"; Value = "Cut Tape (CT)"; VariantName = "[No Variations]"
Add component (AddParameter): Name = "Pricing 1"; Value = "1=0.46, 10=0.433, 25=0.3712, 50=0.3156, 100=0.3032, 250=0.27224, 500=0.25988 (USD)"; VariantName = "[No Variations]"
Add component (AddParameter): Name = "RoHS"; Value = "RoHS Compliant"; VariantName = "[No Variations]"
Add component (AddParameter): Name = "Specifications"; Value = "USB 2.0"; VariantName = "[No Variations]"
Add component (AddParameter): Name = "Stock 1"; Value = "9139"; VariantName = "[No Variations]"
Add component (AddParameter): Name = "Supplier 1"; Value = "Digi-Key"; VariantName = "[No Variations]"
Add component (AddParameter): Name = "Supplier Part Number 1"; Value = "609-4618-1-ND"; VariantName = "[No Variations]"
Added Component: Designator=R1(R0603_N)
Add component (AddParameter): Name = "Value"; Value = "1k/0603"; VariantName = "[No Variations]"
Added Component: Designator=R2(R0603_N)
Add component (AddParameter): Name = "Value"; Value = "1k/0603"; VariantName = "[No Variations]"
Added Component: Designator=R3(R0603_N)
Add component (AddParameter): Name = "Value"; Value = "1k/0603"; VariantName = "[No Variations]"
Added Component: Designator=R4(R0603_N)
Add component (AddParameter): Name = "Value"; Value = "1k/0603"; VariantName = "[No Variations]"
Added Component: Designator=SW1(SW-SMD_4P-L3.2-W2.9-P2.20-LS3.4)
Add component (AddParameter): Name = "BOM_Manufacturer"; Value = "ALPS Electric"; VariantName = "[No Variations]"
Add component (AddParameter): Name = "BOM_Manufacturer Part"; Value = "SKSHAAE010"; VariantName = "[No Variations]"
Add component (AddParameter): Name = "BOM_Supplier"; Value = "LCSC"; VariantName = "[No Variations]"
Add component (AddParameter): Name = "BOM_Supplier Part"; Value = "C262415"; VariantName = "[No Variations]"
Add component (AddParameter): Name = "Contributor"; Value = "LCSC"; VariantName = "[No Variations]"
Add component (AddParameter): Name = "spicePre"; Value = "S"; VariantName = "[No Variations]"
Add component (AddParameter): Name = "spiceSymbolName"; Value = "SKSHAAE010"; VariantName = "[No Variations]"
Added Component: Designator=TP1(TESTPOINT_PROG)
Added Component: Designator=TP2(TESTPOINT_PROG)
Added Component: Designator=TP3(TESTPOINT_PROG)
Added Component: Designator=TP4(TESTPOINT_PROG)
Added Component: Designator=TP5(TESTPOINT_PROG)
Added Component: Designator=TP6(TESTPOINT_PROG)
Added Component: Designator=U1(FP-32A-MFG)
Add component (AddParameter): Name = "Automotive"; Value = "No"; VariantName = "[No Variations]"
Add component (AddParameter): Name = "Category"; Value = "IC"; VariantName = "[No Variations]"
Add component (AddParameter): Name = "ComponentLink2Description"; Value = "Datasheet"; VariantName = "[No Variations]"
Add component (AddParameter): Name = "ComponentLink2URL"; Value = "http://ww1.microchip.com/downloads/en/DeviceDoc/ATmega48A-PA-88A-PA-168A-PA-328-P-DS-DS40002061A.pdf"; VariantName = "[No Variations]"
Add component (AddParameter): Name = "Core Architecture"; Value = "AVR"; VariantName = "[No Variations]"
Add component (AddParameter): Name = "Data Bus Width"; Value = "8bits"; VariantName = "[No Variations]"
Add component (AddParameter): Name = "Device Class L1"; Value = "Integrated Circuits (ICs)"; VariantName = "[No Variations]"
Add component (AddParameter): Name = "Device Class L2"; Value = "Embedded Processors and Controllers"; VariantName = "[No Variations]"
Add component (AddParameter): Name = "Device Class L3"; Value = "Microcontrollers"; VariantName = "[No Variations]"
Add component (AddParameter): Name = "Digikey Description"; Value = "IC MCU 8BIT 32KB FLASH 32TQFP"; VariantName = "[No Variations]"
Add component (AddParameter): Name = "Footprint Url"; Value = "http://ww1.microchip.com/downloads/en/appnotes/atmel-8826-seeprom-pcb-mounting-guidelines-surface-mount-packages-applicationnote.pdf"; VariantName = "[No Variations]"
Add component (AddParameter): Name = "Frequency"; Value = "20MHz"; VariantName = "[No Variations]"
Add component (AddParameter): Name = "Height"; Value = "1.2mm"; VariantName = "[No Variations]"
Add component (AddParameter): Name = "Interface"; Value = "I2C,SPI,UART,USART,2-Wire"; VariantName = "[No Variations]"
Add component (AddParameter): Name = "Ipc Land Pattern Name"; Value = "QFP80P900X900X120-32"; VariantName = "[No Variations]"
Add component (AddParameter): Name = "Lead Free"; Value = "Yes"; VariantName = "[No Variations]"
Add component (AddParameter): Name = "Manufacturer"; Value = "Microchip"; VariantName = "[No Variations]"
Add component (AddParameter): Name = "Manufacturer Part Number"; Value = "ATmega328P-AU"; VariantName = "[No Variations]"
Add component (AddParameter): Name = "Max Supply Voltage"; Value = "5.5V"; VariantName = "[No Variations]"
Add component (AddParameter): Name = "Memory Size"; Value = "32KBytes"; VariantName = "[No Variations]"
Add component (AddParameter): Name = "Memory Type"; Value = "FLASH"; VariantName = "[No Variations]"
Add component (AddParameter): Name = "Min Supply Voltage"; Value = "1.8V"; VariantName = "[No Variations]"
Add component (AddParameter): Name = "Mouser Description"; Value = "ATmega Series 32 KB Flash 2 KB SRAM 20 MHz 8-Bit Microcontroller - TQFP-32"; VariantName = "[No Variations]"
Add component (AddParameter): Name = "Nominal Supply Current"; Value = "0.04-5.2mA"; VariantName = "[No Variations]"
Add component (AddParameter): Name = "Number Of A/D Converters"; Value = "1"; VariantName = "[No Variations]"
Add component (AddParameter): Name = "Number Of Adc Channels"; Value = "8"; VariantName = "[No Variations]"
Add component (AddParameter): Name = "Number Of Cores"; Value = "1"; VariantName = "[No Variations]"
Add component (AddParameter): Name = "Number Of I2C Channels"; Value = "1"; VariantName = "[No Variations]"
Add component (AddParameter): Name = "Number Of I/Os"; Value = "23"; VariantName = "[No Variations]"
Add component (AddParameter): Name = "Number Of Pwm Channels"; Value = "6"; VariantName = "[No Variations]"
Add component (AddParameter): Name = "Number Of Spi Channels"; Value = "1"; VariantName = "[No Variations]"
Add component (AddParameter): Name = "Number Of Timers/Counters"; Value = "3"; VariantName = "[No Variations]"
Add component (AddParameter): Name = "Number Of Uart Channels"; Value = "1"; VariantName = "[No Variations]"
Add component (AddParameter): Name = "Octopart"; Value = "https://octopart.com/atmega328p-au-microchip-77760215"; VariantName = "[No Variations]"
Add component (AddParameter): Name = "Package"; Value = "32A"; VariantName = "[No Variations]"
Add component (AddParameter): Name = "Ram Size"; Value = "2KBytes"; VariantName = "[No Variations]"
Add component (AddParameter): Name = "RoHS"; Value = "TRUE"; VariantName = "[No Variations]"
Add component (AddParameter): Name = "Standoff Height"; Value = "0.05mm"; VariantName = "[No Variations]"
Add component (AddParameter): Name = "Temperature"; Value = "-40°C to +85°C"; VariantName = "[No Variations]"
Add component (AddParameter): Name = "Temperature Range High"; Value = "+85°C"; VariantName = "[No Variations]"
Add component (AddParameter): Name = "Temperature Range Low"; Value = "-40°C"; VariantName = "[No Variations]"
Added Component: Designator=U2(FP-AMS1117-IPC_C)
Add component (AddParameter): Name = "Automotive"; Value = "No"; VariantName = "[No Variations]"
Add component (AddParameter): Name = "Category"; Value = "IC"; VariantName = "[No Variations]"
Add component (AddParameter): Name = "ComponentLink2Description"; Value = "Datasheet"; VariantName = "[No Variations]"
Add component (AddParameter): Name = "ComponentLink2URL"; Value = "http://www.advanced-monolithic.com/pdf/ds1117.pdf"; VariantName = "[No Variations]"
Add component (AddParameter): Name = "Device Class L1"; Value = "Integrated Circuits (ICs)"; VariantName = "[No Variations]"
Add component (AddParameter): Name = "Device Class L2"; Value = "Power Management ICs"; VariantName = "[No Variations]"
Add component (AddParameter): Name = "Device Class L3"; Value = "Voltage Regulators - Linear"; VariantName = "[No Variations]"
Add component (AddParameter): Name = "Dropout Voltage"; Value = "1.1V"; VariantName = "[No Variations]"
Add component (AddParameter): Name = "Height"; Value = "1.8mm"; VariantName = "[No Variations]"
Add component (AddParameter): Name = "Ipc Land Pattern Name"; Value = "SOT229P700X180-4"; VariantName = "[No Variations]"
Add component (AddParameter): Name = "Lead Free"; Value = "Yes"; VariantName = "[No Variations]"
Add component (AddParameter): Name = "Manufacturer"; Value = "Advanced Monolithic Systems"; VariantName = "[No Variations]"
Add component (AddParameter): Name = "Manufacturer Part Number"; Value = "AMS1117-3.3"; VariantName = "[No Variations]"
Add component (AddParameter): Name = "Max Junction Temp"; Value = "+125°C"; VariantName = "[No Variations]"
Add component (AddParameter): Name = "Max Power Dissipation"; Value = "1.2W"; VariantName = "[No Variations]"
Add component (AddParameter): Name = "Max Supply Voltage"; Value = "15V"; VariantName = "[No Variations]"
Add component (AddParameter): Name = "Nominal Supply Current"; Value = "5mA"; VariantName = "[No Variations]"
Add component (AddParameter): Name = "Number Of Outputs"; Value = "1"; VariantName = "[No Variations]"
Add component (AddParameter): Name = "Octopart"; Value = "https://octopart.com/ams1117-3.3-advanced+monolithic+systems-25899300"; VariantName = "[No Variations]"
Add component (AddParameter): Name = "Output Current"; Value = "1A"; VariantName = "[No Variations]"
Add component (AddParameter): Name = "Output Type"; Value = "Fixed"; VariantName = "[No Variations]"
Add component (AddParameter): Name = "Output Voltage"; Value = "3.3V"; VariantName = "[No Variations]"
Add component (AddParameter): Name = "Package"; Value = "AMS1117"; VariantName = "[No Variations]"
Add component (AddParameter): Name = "RoHS"; Value = "TRUE"; VariantName = "[No Variations]"
Add component (AddParameter): Name = "Standoff Height"; Value = "0.64mm"; VariantName = "[No Variations]"
Add component (AddParameter): Name = "Temperature"; Value = "-40°C to +125°C"; VariantName = "[No Variations]"
Add component (AddParameter): Name = "Temperature Range High"; Value = "+125°C"; VariantName = "[No Variations]"
Add component (AddParameter): Name = "Temperature Range Low"; Value = "-40°C"; VariantName = "[No Variations]"
Added Component: Designator=X1(CRYSTAL-SMD_4P-L3.2-W2.5-BL)
Add component (AddParameter): Name = "BOM_JLCPCB Part Class"; Value = "Extended Part"; VariantName = "[No Variations]"
Add component (AddParameter): Name = "BOM_Manufacturer"; Value = "YXC"; VariantName = "[No Variations]"
Add component (AddParameter): Name = "BOM_Manufacturer Part"; Value = "X322516MOB4SI"; VariantName = "[No Variations]"
Add component (AddParameter): Name = "BOM_Paste Type"; Value = "Extended Part"; VariantName = "[No Variations]"
Add component (AddParameter): Name = "BOM_Supplier"; Value = "LCSC"; VariantName = "[No Variations]"
Add component (AddParameter): Name = "BOM_Supplier Part"; Value = "C12668"; VariantName = "[No Variations]"
Add component (AddParameter): Name = "nameAlias"; Value = "Frequency"; VariantName = "[No Variations]"
Add component (AddParameter): Name = "spicePre"; Value = "X"; VariantName = "[No Variations]"
Add component (AddParameter): Name = "spiceSymbolName"; Value = "X322516MOB4SI"; VariantName = "[No Variations]"
Added Pin To Net: NetName=GND Pin=C1-2
Added Pin To Net: NetName=GND Pin=C2-2
Added Pin To Net: NetName=GND Pin=C3-2
Added Pin To Net: NetName=GND Pin=C4-1
Added Pin To Net: NetName=GND Pin=C5-2
Added Pin To Net: NetName=GND Pin=C6-1
Added Pin To Net: NetName=GND Pin=C7-2
Added Pin To Net: NetName=GND Pin=D1-1
Added Pin To Net: NetName=VUSB Pin=D2-1
Added Pin To Net: NetName=VUSB Pin=F1-2
Added Pin To Net: NetName=DM Pin=J1-2
Added Pin To Net: NetName=DP Pin=J1-3
Added Pin To Net: NetName=GND Pin=J1-5
Added Pin To Net: NetName=GND Pin=J1-shd
Added Pin To Net: NetName=GND Pin=J1-shd
Added Pin To Net: NetName=GND Pin=J1-shd
Added Pin To Net: NetName=GND Pin=J1-shd
Added Pin To Net: NetName=GND Pin=J1-shd
Added Pin To Net: NetName=GND Pin=J1-shd
Added Pin To Net: NetName=GND Pin=SW1-3
Added Pin To Net: NetName=GND Pin=TP6-0
Added Pin To Net: NetName=GND Pin=U1-3
Added Pin To Net: NetName=GND Pin=U1-5
Added Pin To Net: NetName=GND Pin=U1-21
Added Pin To Net: NetName=GND Pin=U2-1
Added Pin To Net: NetName=GND Pin=X1-2
Added Pin To Net: NetName=GND Pin=X1-4
Added Pin To Net: NetName=3V3 Pin=C6-2
Added Pin To Net: NetName=3V3 Pin=C7-1
Added Pin To Net: NetName=3V3 Pin=U2-2
Added Pin To Net: NetName=3V3 Pin=U2-4
Added Net: Name=3V3
Added Pin To Net: NetName=5V Pin=C2-1
Added Pin To Net: NetName=5V Pin=C3-1
Added Pin To Net: NetName=5V Pin=C4-2
Added Pin To Net: NetName=5V Pin=C5-1
Added Pin To Net: NetName=5V Pin=D2-2
Added Pin To Net: NetName=5V Pin=R2-1
Added Pin To Net: NetName=5V Pin=TP5-0
Added Pin To Net: NetName=5V Pin=U1-4
Added Pin To Net: NetName=5V Pin=U1-6
Added Pin To Net: NetName=5V Pin=U1-18
Added Pin To Net: NetName=5V Pin=U2-3
Added Net: Name=5V
Added Pin To Net: NetName=A0 Pin=U1-23
Added Net: Name=A0
Added Pin To Net: NetName=A1 Pin=U1-24
Added Net: Name=A1
Added Pin To Net: NetName=A2 Pin=U1-25
Added Net: Name=A2
Added Pin To Net: NetName=A3 Pin=U1-26
Added Net: Name=A3
Added Pin To Net: NetName=A4 Pin=U1-27
Added Net: Name=A4
Added Pin To Net: NetName=A5 Pin=U1-28
Added Net: Name=A5
Added Pin To Net: NetName=A6 Pin=U1-19
Added Net: Name=A6
Added Pin To Net: NetName=A7 Pin=U1-22
Added Net: Name=A7
Added Pin To Net: NetName=AREF Pin=C1-1
Added Pin To Net: NetName=AREF Pin=U1-20
Added Net: Name=AREF
Added Pin To Net: NetName=D0/RX Pin=R3-2
Added Pin To Net: NetName=D0/RX Pin=U1-30
Added Net: Name=D0/RX
Added Pin To Net: NetName=D1/TX Pin=R4-2
Added Pin To Net: NetName=D1/TX Pin=U1-31
Added Net: Name=D1/TX
Added Pin To Net: NetName=D2 Pin=U1-32
Added Net: Name=D2
Added Pin To Net: NetName=D3 Pin=U1-1
Added Net: Name=D3
Added Pin To Net: NetName=D4 Pin=U1-2
Added Net: Name=D4
Added Pin To Net: NetName=D5 Pin=U1-9
Added Net: Name=D5
Added Pin To Net: NetName=D6 Pin=U1-10
Added Net: Name=D6
Added Pin To Net: NetName=D7 Pin=U1-11
Added Net: Name=D7
Added Pin To Net: NetName=D8 Pin=U1-12
Added Net: Name=D8
Added Pin To Net: NetName=D9 Pin=U1-13
Added Net: Name=D9
Added Pin To Net: NetName=D10 Pin=U1-14
Added Net: Name=D10
Added Pin To Net: NetName=D11/MOSI Pin=TP2-0
Added Pin To Net: NetName=D11/MOSI Pin=U1-15
Added Net: Name=D11/MOSI
Added Pin To Net: NetName=D12/MISO Pin=TP1-0
Added Pin To Net: NetName=D12/MISO Pin=U1-16
Added Net: Name=D12/MISO
Added Pin To Net: NetName=D13/SCK Pin=R1-2
Added Pin To Net: NetName=D13/SCK Pin=TP3-0
Added Pin To Net: NetName=D13/SCK Pin=U1-17
Added Net: Name=D13/SCK
Added Pin To Net: NetName=NANO_RST Pin=R2-2
Added Pin To Net: NetName=NANO_RST Pin=SW1-2
Added Pin To Net: NetName=NANO_RST Pin=TP4-0
Added Pin To Net: NetName=NANO_RST Pin=U1-29
Added Net: Name=NANO_RST
Added Pin To Net: NetName=NetD1_2 Pin=D1-2
Added Pin To Net: NetName=NetD1_2 Pin=R1-1
Added Net: Name=NetD1_2
Added Pin To Net: NetName=NetF1_1 Pin=F1-1
Added Pin To Net: NetName=NetF1_1 Pin=J1-1
Added Net: Name=NetF1_1
Added Net: Name=RESET
Added Pin To Net: NetName=RX_NANO Pin=R3-1
Added Net: Name=RX_NANO
Added Pin To Net: NetName=TX_NANO Pin=R4-1
Added Net: Name=TX_NANO
Added Pin To Net: NetName=XTAL1 Pin=U1-7
Added Pin To Net: NetName=XTAL1 Pin=X1-1
Added Net: Name=XTAL1
Added Pin To Net: NetName=XTAL2 Pin=U1-8
Added Pin To Net: NetName=XTAL2 Pin=X1-3
Added Net: Name=XTAL2
Added Member To Class: ClassName=main Member=Component C1 100nF/50V/0603
Added Member To Class: ClassName=main Member=Component C2 4.7uF/16V/3216
Added Member To Class: ClassName=main Member=Component C3 4.7uF/16V/3216
Added Member To Class: ClassName=main Member=Component C4 100nF/50V/0603
Added Member To Class: ClassName=main Member=Component C5 10uF/16V/3216
Added Member To Class: ClassName=main Member=Component C6 100nF/50V/0603
Added Member To Class: ClassName=main Member=Component C7 100uF/16V/3216
Added Member To Class: ClassName=main Member=Component CSTL1 CASTELLATED
Added Member To Class: ClassName=main Member=Component CSTL2 CASTELLATED
Added Member To Class: ClassName=main Member=Component CSTL3 CASTELLATED
Added Member To Class: ClassName=main Member=Component CSTL4 CASTELLATED
Added Member To Class: ClassName=main Member=Component CSTL5 CASTELLATED
Added Member To Class: ClassName=main Member=Component CSTL6 CASTELLATED
Added Member To Class: ClassName=main Member=Component CSTL7 CASTELLATED
Added Member To Class: ClassName=main Member=Component CSTL8 CASTELLATED
Added Member To Class: ClassName=main Member=Component CSTL9 CASTELLATED
Added Member To Class: ClassName=main Member=Component CSTL10 CASTELLATED
Added Member To Class: ClassName=main Member=Component CSTL11 CASTELLATED
Added Member To Class: ClassName=main Member=Component CSTL12 CASTELLATED
Added Member To Class: ClassName=main Member=Component CSTL13 CASTELLATED
Added Member To Class: ClassName=main Member=Component CSTL14 CASTELLATED
Added Member To Class: ClassName=main Member=Component CSTL15 CASTELLATED
Added Member To Class: ClassName=main Member=Component CSTL16 CASTELLATED
Added Member To Class: ClassName=main Member=Component CSTL17 CASTELLATED
Added Member To Class: ClassName=main Member=Component CSTL18 CASTELLATED
Added Member To Class: ClassName=main Member=Component CSTL19 CASTELLATED
Added Member To Class: ClassName=main Member=Component CSTL20 CASTELLATED
Added Member To Class: ClassName=main Member=Component CSTL21 CASTELLATED
Added Member To Class: ClassName=main Member=Component CSTL22 CASTELLATED
Added Member To Class: ClassName=main Member=Component CSTL23 CASTELLATED
Added Member To Class: ClassName=main Member=Component CSTL24 CASTELLATED
Added Member To Class: ClassName=main Member=Component CSTL25 CASTELLATED
Added Member To Class: ClassName=main Member=Component CSTL26 CASTELLATED
Added Member To Class: ClassName=main Member=Component CSTL27 CASTELLATED
Added Member To Class: ClassName=main Member=Component CSTL28 CASTELLATED
Added Member To Class: ClassName=main Member=Component CSTL29 CASTELLATED
Added Member To Class: ClassName=main Member=Component CSTL30 CASTELLATED
Added Member To Class: ClassName=main Member=Component D1 Red, 2V
Added Member To Class: ClassName=main Member=Component D2 SL24A
Added Member To Class: ClassName=main Member=Component F1 1206L150THWR
Added Member To Class: ClassName=main Member=Component J1 MICRO_USB
Added Member To Class: ClassName=main Member=Component R1 1k/0603
Added Member To Class: ClassName=main Member=Component R2 1k/0603
Added Member To Class: ClassName=main Member=Component R3 1k/0603
Added Member To Class: ClassName=main Member=Component R4 1k/0603
Added Member To Class: ClassName=main Member=Component SW1 SKSHAAE010
Added Member To Class: ClassName=main Member=Component TP1 Test_Point
Added Member To Class: ClassName=main Member=Component TP2 Test_Point
Added Member To Class: ClassName=main Member=Component TP3 Test_Point
Added Member To Class: ClassName=main Member=Component TP4 Test_Point
Added Member To Class: ClassName=main Member=Component TP5 Test_Point
Added Member To Class: ClassName=main Member=Component TP6 Test_Point
Added Member To Class: ClassName=main Member=Component U1 ATmega328P-AU
Added Member To Class: ClassName=main Member=Component U2 AMS1117-3.3
Added Member To Class: ClassName=main Member=Component X1 16MHz
