Added Pin To Net: NetName=AREF Pin=C1-1
Added Pin To Net: NetName=GND Pin=C1-2
Added Pin To Net: NetName=5V Pin=C2-1
Added Pin To Net: NetName=GND Pin=C2-2
Added Pin To Net: NetName=5V Pin=C3-1
Added Pin To Net: NetName=GND Pin=C3-2
Added Pin To Net: NetName=GND Pin=C4-1
Added Pin To Net: NetName=5V Pin=C4-2
Added Pin To Net: NetName=5V Pin=C5-1
Added Pin To Net: NetName=GND Pin=C5-2
Added Pin To Net: NetName=GND Pin=C6-1
Added Pin To Net: NetName=3V3 Pin=C6-2
Added Pin To Net: NetName=3V3 Pin=C7-1
Added Pin To Net: NetName=GND Pin=C7-2
Added Pin To Net: NetName=GND Pin=D1-1
Added Pin To Net: NetName=NetD1_2 Pin=D1-2
Added Pin To Net: NetName=VUSB Pin=D2-1
Added Pin To Net: NetName=5V Pin=D2-2
Added Pin To Net: NetName=NetF1_1 Pin=F1-1
Added Pin To Net: NetName=VUSB Pin=F1-2
Added Pin To Net: NetName=NetF1_1 Pin=J1-1
Added Pin To Net: NetName=DM Pin=J1-2
Added Pin To Net: NetName=DP Pin=J1-3
Added Pin To Net: NetName=GND Pin=J1-5
Added Pin To Net: NetName=GND Pin=J1-shd
Added Pin To Net: NetName=GND Pin=J1-shd
Added Pin To Net: NetName=GND Pin=J1-shd
Added Pin To Net: NetName=GND Pin=J1-shd
Added Pin To Net: NetName=GND Pin=J1-shd
Added Pin To Net: NetName=GND Pin=J1-shd
Added Pin To Net: NetName=NetD1_2 Pin=R1-1
Added Pin To Net: NetName=D13/SCK Pin=R1-2
Added Pin To Net: NetName=5V Pin=R2-1
Added Pin To Net: NetName=NANO_RST Pin=R2-2
Added Pin To Net: NetName=RX_NANO Pin=R3-1
Added Pin To Net: NetName=D0/RX Pin=R3-2
Added Pin To Net: NetName=TX_NANO Pin=R4-1
Added Pin To Net: NetName=D1/TX Pin=R4-2
Added Pin To Net: NetName=NANO_RST Pin=SW1-2
Added Pin To Net: NetName=GND Pin=SW1-3
Added Pin To Net: NetName=D12/MISO Pin=TP1-0
Added Pin To Net: NetName=D11/MOSI Pin=TP2-0
Added Pin To Net: NetName=D13/SCK Pin=TP3-0
Added Pin To Net: NetName=NANO_RST Pin=TP4-0
Added Pin To Net: NetName=5V Pin=TP5-0
Added Pin To Net: NetName=GND Pin=TP6-0
Added Pin To Net: NetName=D3 Pin=U1-1
Added Pin To Net: NetName=D4 Pin=U1-2
Added Pin To Net: NetName=GND Pin=U1-3
Added Pin To Net: NetName=5V Pin=U1-4
Added Pin To Net: NetName=GND Pin=U1-5
Added Pin To Net: NetName=5V Pin=U1-6
Added Pin To Net: NetName=XTAL1 Pin=U1-7
Added Pin To Net: NetName=XTAL2 Pin=U1-8
Added Pin To Net: NetName=D5 Pin=U1-9
Added Pin To Net: NetName=D6 Pin=U1-10
Added Pin To Net: NetName=D7 Pin=U1-11
Added Pin To Net: NetName=D8 Pin=U1-12
Added Pin To Net: NetName=D9 Pin=U1-13
Added Pin To Net: NetName=D10 Pin=U1-14
Added Pin To Net: NetName=D11/MOSI Pin=U1-15
Added Pin To Net: NetName=D12/MISO Pin=U1-16
Added Pin To Net: NetName=D13/SCK Pin=U1-17
Added Pin To Net: NetName=5V Pin=U1-18
Added Pin To Net: NetName=A6 Pin=U1-19
Added Pin To Net: NetName=AREF Pin=U1-20
Added Pin To Net: NetName=GND Pin=U1-21
Added Pin To Net: NetName=A7 Pin=U1-22
Added Pin To Net: NetName=A0 Pin=U1-23
Added Pin To Net: NetName=A1 Pin=U1-24
Added Pin To Net: NetName=A2 Pin=U1-25
Added Pin To Net: NetName=A3 Pin=U1-26
Added Pin To Net: NetName=A4 Pin=U1-27
Added Pin To Net: NetName=A5 Pin=U1-28
Added Pin To Net: NetName=NANO_RST Pin=U1-29
Added Pin To Net: NetName=D0/RX Pin=U1-30
Added Pin To Net: NetName=D1/TX Pin=U1-31
Added Pin To Net: NetName=D2 Pin=U1-32
Added Pin To Net: NetName=GND Pin=U2-1
Added Pin To Net: NetName=3V3 Pin=U2-2
Added Pin To Net: NetName=5V Pin=U2-3
Added Pin To Net: NetName=3V3 Pin=U2-4
Added Pin To Net: NetName=XTAL1 Pin=X1-1
Added Pin To Net: NetName=GND Pin=X1-2
Added Pin To Net: NetName=XTAL2 Pin=X1-3
Added Pin To Net: NetName=GND Pin=X1-4
Added Member To Class: ClassName=main Member=Component C1 100nF/50V/0603
Added Member To Class: ClassName=main Member=Component C2 4.7uF/16V/3216
Added Member To Class: ClassName=main Member=Component C3 4.7uF/16V/3216
Added Member To Class: ClassName=main Member=Component C4 100nF/50V/0603
Added Member To Class: ClassName=main Member=Component C5 10uF/16V/3216
Added Member To Class: ClassName=main Member=Component C6 100nF/50V/0603
Added Member To Class: ClassName=main Member=Component C7 100uF/16V/3216
Added Member To Class: ClassName=main Member=Component CSTL1 CASTELLATED
Added Member To Class: ClassName=main Member=Component CSTL2 CASTELLATED
Added Member To Class: ClassName=main Member=Component CSTL3 CASTELLATED
Added Member To Class: ClassName=main Member=Component CSTL4 CASTELLATED
Added Member To Class: ClassName=main Member=Component CSTL5 CASTELLATED
Added Member To Class: ClassName=main Member=Component CSTL6 CASTELLATED
Added Member To Class: ClassName=main Member=Component CSTL7 CASTELLATED
Added Member To Class: ClassName=main Member=Component CSTL8 CASTELLATED
Added Member To Class: ClassName=main Member=Component CSTL9 CASTELLATED
Added Member To Class: ClassName=main Member=Component CSTL10 CASTELLATED
Added Member To Class: ClassName=main Member=Component CSTL11 CASTELLATED
Added Member To Class: ClassName=main Member=Component CSTL12 CASTELLATED
Added Member To Class: ClassName=main Member=Component CSTL13 CASTELLATED
Added Member To Class: ClassName=main Member=Component CSTL14 CASTELLATED
Added Member To Class: ClassName=main Member=Component CSTL15 CASTELLATED
Added Member To Class: ClassName=main Member=Component CSTL16 CASTELLATED
Added Member To Class: ClassName=main Member=Component CSTL17 CASTELLATED
Added Member To Class: ClassName=main Member=Component CSTL18 CASTELLATED
Added Member To Class: ClassName=main Member=Component CSTL19 CASTELLATED
Added Member To Class: ClassName=main Member=Component CSTL20 CASTELLATED
Added Member To Class: ClassName=main Member=Component CSTL21 CASTELLATED
Added Member To Class: ClassName=main Member=Component CSTL22 CASTELLATED
Added Member To Class: ClassName=main Member=Component CSTL23 CASTELLATED
Added Member To Class: ClassName=main Member=Component CSTL24 CASTELLATED
Added Member To Class: ClassName=main Member=Component CSTL25 CASTELLATED
Added Member To Class: ClassName=main Member=Component CSTL26 CASTELLATED
Added Member To Class: ClassName=main Member=Component CSTL27 CASTELLATED
Added Member To Class: ClassName=main Member=Component CSTL28 CASTELLATED
Added Member To Class: ClassName=main Member=Component CSTL29 CASTELLATED
Added Member To Class: ClassName=main Member=Component CSTL30 CASTELLATED
Added Member To Class: ClassName=main Member=Component D1 Red, 2V
Added Member To Class: ClassName=main Member=Component D2 SL24A
Added Member To Class: ClassName=main Member=Component F1 1206L150THWR
Added Member To Class: ClassName=main Member=Component J1 MICRO_USB
Added Member To Class: ClassName=main Member=Component R1 1k/0603
Added Member To Class: ClassName=main Member=Component R2 1k/0603
Added Member To Class: ClassName=main Member=Component R3 1k/0603
Added Member To Class: ClassName=main Member=Component R4 1k/0603
Added Member To Class: ClassName=main Member=Component SW1 SKSHAAE010
Added Member To Class: ClassName=main Member=Component TP1 Test_Point
Added Member To Class: ClassName=main Member=Component TP2 Test_Point
Added Member To Class: ClassName=main Member=Component TP3 Test_Point
Added Member To Class: ClassName=main Member=Component TP4 Test_Point
Added Member To Class: ClassName=main Member=Component TP5 Test_Point
Added Member To Class: ClassName=main Member=Component TP6 Test_Point
Added Member To Class: ClassName=main Member=Component U1 ATmega328P-AU
Added Member To Class: ClassName=main Member=Component U2 AMS1117-3.3
Added Member To Class: ClassName=main Member=Component X1 16MHz
